<?xml version="1.0" encoding="UTF-8"?>
<!-- Generated by org.testng.reporters.JUnitReportReporter -->
<testsuite hostname="DESKTOP-URC6AQU" failures="0" tests="5" name="testCase.testCase1" time="119.027" errors="0" timestamp="2023-04-11T00:17:04 IST" skipped="0">
  <testcase classname="testCase.testCase1" name="logintest" time="33.193"/>
  <system-out/>
  <testcase classname="testCase.testCase1" name="scrollUp" time="8.545"/>
  <system-out/>
  <testcase classname="testCase.testCase1" name="scrollDown" time="9.844"/>
  <system-out/>
  <testcase classname="testCase.testCase1" name="myAccount" time="58.660"/>
  <system-out/>
  <testcase classname="testCase.testCase1" name="getCookies" time="8.785"/>
  <system-out/>
</testsuite> <!-- testCase.testCase1 -->
